DEPRECATION WARNING: Defining a route where `to` is a controller without an action is deprecated. Please change `to: 'welcome/index'` to `controller: 'welcome/index'`. (called from block in <top (required)> at /Users/patrickortell/Desktop/ionic/act/config/routes.rb:2)
DEPRECATION WARNING: Defining a route where `to` is a controller without an action is deprecated. Please change `to: 'welcome/index'` to `controller: 'welcome/index'`. (called from block in <top (required)> at /Users/patrickortell/Desktop/ionic/act/config/routes.rb:2)


Started GET "/" for ::1 at 2015-11-09 10:03:02 -0700
Processing by WelcomeController#index as HTML
  Rendered welcome/index.html.erb within layouts/application (1.2ms)
Completed 200 OK in 1363ms (Views: 1346.3ms | ActiveRecord: 0.0ms)


Started GET "/" for ::1 at 2015-11-09 10:03:04 -0700
Processing by WelcomeController#index as HTML
  Rendered welcome/index.html.erb within layouts/application (0.1ms)
Completed 200 OK in 20ms (Views: 19.1ms | ActiveRecord: 0.0ms)


Started GET "/assets/welcome.self-e3b0c44298fc1c149afbf4c8996fb92427ae41e4649b934ca495991b7852b855.css?body=1" for ::1 at 2015-11-09 10:03:04 -0700


Started GET "/assets/application.self-e80e8f2318043e8af94dddc2adad5a4f09739a8ebb323b3ab31cd71d45fd9113.css?body=1" for ::1 at 2015-11-09 10:03:04 -0700


Started GET "/assets/welcome.self-877aef30ae1b040ab8a3aba4e3e309a11d7f2612f44dde450b5c157aa5f95c05.js?body=1" for ::1 at 2015-11-09 10:03:04 -0700


Started GET "/assets/jquery_ujs.self-d456baa54c1fa6be2ec3711f0a72ddf7a5b2f34a6b4f515f33767d6207b7d4b3.js?body=1" for ::1 at 2015-11-09 10:03:04 -0700


Started GET "/assets/application.self-3b8dabdc891efe46b9a144b400ad69e37d7e5876bdc39dee783419a69d7ca819.js?body=1" for ::1 at 2015-11-09 10:03:04 -0700


Started GET "/assets/jquery.self-a714331225dda820228db323939889f149aec0127aeb06255646b616ba1ca419.js?body=1" for ::1 at 2015-11-09 10:03:04 -0700


Started GET "/assets/turbolinks.self-c37727e9bd6b2735da5c311aa83fead54ed0be6cc8bd9a65309e9c5abe2cbfff.js?body=1" for ::1 at 2015-11-09 10:03:04 -0700
  [1m[36m (1.1ms)[0m  [1mCREATE TABLE "schema_migrations" ("version" varchar NOT NULL) [0m
  [1m[35m (0.4ms)[0m  select sqlite_version(*)
  [1m[36m (1.5ms)[0m  [1mCREATE UNIQUE INDEX "unique_schema_migrations" ON "schema_migrations" ("version")[0m
  [1m[35mActiveRecord::SchemaMigration Load (0.2ms)[0m  SELECT "schema_migrations".* FROM "schema_migrations"
Migrating to CreateCts (20151109171907)
  [1m[36m (0.1ms)[0m  [1mbegin transaction[0m
  [1m[35m (0.9ms)[0m  CREATE TABLE "cts" ("id" INTEGER PRIMARY KEY AUTOINCREMENT NOT NULL, "title" varchar, "name" varchar, "description" varchar, "url" varchar, "created_at" datetime NOT NULL, "updated_at" datetime NOT NULL) 
  [1m[36mSQL (0.2ms)[0m  [1mINSERT INTO "schema_migrations" ("version") VALUES (?)[0m  [["version", "20151109171907"]]
  [1m[35m (0.8ms)[0m  commit transaction
  [1m[36mActiveRecord::SchemaMigration Load (0.1ms)[0m  [1mSELECT "schema_migrations".* FROM "schema_migrations"[0m


Started GET "/cts" for ::1 at 2015-11-09 10:19:41 -0700
  [1m[36mActiveRecord::SchemaMigration Load (0.1ms)[0m  [1mSELECT "schema_migrations".* FROM "schema_migrations"[0m
Processing by CtsController#index as HTML
  [1m[35mCt Load (0.2ms)[0m  SELECT "cts".* FROM "cts"
  Rendered cts/index.html.erb within layouts/application (2.3ms)
Completed 200 OK in 507ms (Views: 489.9ms | ActiveRecord: 0.3ms)


Started GET "/assets/cts.self-e3b0c44298fc1c149afbf4c8996fb92427ae41e4649b934ca495991b7852b855.css?body=1" for ::1 at 2015-11-09 10:19:42 -0700


Started GET "/assets/scaffolds.self-3f978f34c9d3bfccba749e6fcb2ece001032865b3243c8763510f595dfe156d0.css?body=1" for ::1 at 2015-11-09 10:19:42 -0700


Started GET "/assets/cts.self-877aef30ae1b040ab8a3aba4e3e309a11d7f2612f44dde450b5c157aa5f95c05.js?body=1" for ::1 at 2015-11-09 10:19:42 -0700


Started GET "/cts/new" for ::1 at 2015-11-09 10:19:44 -0700
Processing by CtsController#new as HTML
  Rendered cts/_form.html.erb (18.9ms)
  Rendered cts/new.html.erb within layouts/application (23.9ms)
Completed 200 OK in 63ms (Views: 57.4ms | ActiveRecord: 0.3ms)


Started POST "/cts" for ::1 at 2015-11-09 10:19:54 -0700
Processing by CtsController#create as HTML
  Parameters: {"utf8"=>"✓", "authenticity_token"=>"6b/YSsBti093Z+MCrd2AXF1TYCqgqMq/TesaHsNbrLyEnfAlmtXXm3RfcsAhq+fG/E895RbGLLlUCeQgfqgsaA==", "ct"=>{"title"=>"test", "name"=>"123", "description"=>"345", "url"=>"rty"}, "commit"=>"Create Ct"}
  [1m[36m (0.1ms)[0m  [1mbegin transaction[0m
  [1m[35mSQL (0.5ms)[0m  INSERT INTO "cts" ("title", "name", "description", "url", "created_at", "updated_at") VALUES (?, ?, ?, ?, ?, ?)  [["title", "test"], ["name", "123"], ["description", "345"], ["url", "rty"], ["created_at", "2015-11-09 17:19:54.095006"], ["updated_at", "2015-11-09 17:19:54.095006"]]
  [1m[36m (0.6ms)[0m  [1mcommit transaction[0m
Redirected to http://localhost:3000/cts/1
Completed 302 Found in 6ms (ActiveRecord: 1.2ms)


Started GET "/cts/1" for ::1 at 2015-11-09 10:19:54 -0700
Processing by CtsController#show as HTML
  Parameters: {"id"=>"1"}
  [1m[35mCt Load (0.2ms)[0m  SELECT  "cts".* FROM "cts" WHERE "cts"."id" = ? LIMIT 1  [["id", 1]]
  Rendered cts/show.html.erb within layouts/application (0.8ms)
Completed 200 OK in 87ms (Views: 29.0ms | ActiveRecord: 0.2ms)


Started GET "/cts/1.json" for ::1 at 2015-11-09 10:20:06 -0700
Processing by CtsController#show as JSON
  Parameters: {"id"=>"1"}
  [1m[36mCt Load (0.1ms)[0m  [1mSELECT  "cts".* FROM "cts" WHERE "cts"."id" = ? LIMIT 1[0m  [["id", 1]]
  Rendered cts/show.json.jbuilder (3.2ms)
Completed 200 OK in 6ms (Views: 4.9ms | ActiveRecord: 0.1ms)


Started GET "/cts/1/edit" for ::1 at 2015-11-09 10:20:14 -0700
Processing by CtsController#edit as HTML
  Parameters: {"id"=>"1"}
  [1m[35mCt Load (0.1ms)[0m  SELECT  "cts".* FROM "cts" WHERE "cts"."id" = ? LIMIT 1  [["id", 1]]
  Rendered cts/_form.html.erb (2.0ms)
  Rendered cts/edit.html.erb within layouts/application (3.2ms)
Completed 200 OK in 29ms (Views: 28.1ms | ActiveRecord: 0.1ms)


Started PATCH "/cts/1" for ::1 at 2015-11-09 10:20:58 -0700
Processing by CtsController#update as HTML
  Parameters: {"utf8"=>"✓", "authenticity_token"=>"yNKmPQtf0pNOAz0nk3Nc1+IMrGwTcKuAWzyJEq/2AFCl8I5SUeeOR007rOUfBTtNQxDxo6UeTYZC3ncsEgWAhA==", "ct"=>{"title"=>"Here is a title", "name"=>"This is my name", "description"=>"Woah look at me Im a Description", "url"=>"http://localhost:3000/"}, "commit"=>"Update Ct", "id"=>"1"}
  [1m[36mCt Load (0.2ms)[0m  [1mSELECT  "cts".* FROM "cts" WHERE "cts"."id" = ? LIMIT 1[0m  [["id", 1]]
  [1m[35m (0.1ms)[0m  begin transaction
  [1m[36mSQL (0.4ms)[0m  [1mUPDATE "cts" SET "title" = ?, "name" = ?, "description" = ?, "url" = ?, "updated_at" = ? WHERE "cts"."id" = ?[0m  [["title", "Here is a title"], ["name", "This is my name"], ["description", "Woah look at me Im a Description"], ["url", "http://localhost:3000/"], ["updated_at", "2015-11-09 17:20:58.755558"], ["id", 1]]
  [1m[35m (0.7ms)[0m  commit transaction
Redirected to http://localhost:3000/cts/1
Completed 302 Found in 6ms (ActiveRecord: 1.3ms)


Started GET "/cts/1" for ::1 at 2015-11-09 10:20:58 -0700
Processing by CtsController#show as HTML
  Parameters: {"id"=>"1"}
  [1m[36mCt Load (0.1ms)[0m  [1mSELECT  "cts".* FROM "cts" WHERE "cts"."id" = ? LIMIT 1[0m  [["id", 1]]
  Rendered cts/show.html.erb within layouts/application (0.3ms)
Completed 200 OK in 28ms (Views: 27.3ms | ActiveRecord: 0.1ms)


Started GET "/cts/1.json" for ::1 at 2015-11-09 10:21:04 -0700
Processing by CtsController#show as JSON
  Parameters: {"id"=>"1"}
  [1m[35mCt Load (0.1ms)[0m  SELECT  "cts".* FROM "cts" WHERE "cts"."id" = ? LIMIT 1  [["id", 1]]
  Rendered cts/show.json.jbuilder (0.4ms)
Completed 200 OK in 3ms (Views: 2.0ms | ActiveRecord: 0.1ms)
